2025-06-29 20:51:08:518 [31merror[39m: [31mError fetching courses: relation "departments" does not exist[39m
2025-06-29 20:51:17:5117 [31merror[39m: [31mError: Not found - /api/jobs[39m
2025-06-29 20:52:04:524 [31merror[39m: [31mError: Not found - /api/users[39m
2025-06-29 20:52:12:5212 [31merror[39m: [31mError fetching courses: relation "departments" does not exist[39m
2025-06-29 21:04:18:418 [31merror[39m: [31mError: Not found - /api/api/demo/courses[39m
2025-06-29 21:04:18:418 [31merror[39m: [31mError: Not found - /api/api/demo/jobs[39m
2025-06-29 21:04:18:418 [31merror[39m: [31mError: Not found - /api/api/demo/professors[39m
2025-06-29 21:04:18:418 [31merror[39m: [31mError: Not found - /api/api/demo/paths[39m
2025-06-29 21:04:18:418 [31merror[39m: [31mError: Not found - /api/api/demo/jobs[39m
2025-06-29 21:04:18:418 [31merror[39m: [31mError: Not found - /api/api/demo/courses[39m
2025-06-29 21:04:18:418 [31merror[39m: [31mError: Not found - /api/api/demo/professors[39m
2025-06-29 21:04:18:418 [31merror[39m: [31mError: Not found - /api/api/demo/paths[39m
2025-06-29 21:04:32:432 [31merror[39m: [31mError: Not found - /api/api/demo/courses[39m
2025-06-29 21:04:32:432 [31merror[39m: [31mError: Not found - /api/api/demo/jobs[39m
2025-06-29 21:04:32:432 [31merror[39m: [31mError: Not found - /api/api/demo/professors[39m
2025-06-29 21:04:32:432 [31merror[39m: [31mError: Not found - /api/api/demo/courses[39m
2025-06-29 21:04:32:432 [31merror[39m: [31mError: Not found - /api/api/demo/paths[39m
2025-06-29 21:04:32:432 [31merror[39m: [31mError: Not found - /api/api/demo/jobs[39m
2025-06-29 21:04:32:432 [31merror[39m: [31mError: Not found - /api/api/demo/professors[39m
2025-06-29 21:04:32:432 [31merror[39m: [31mError: Not found - /api/api/demo/paths[39m
2025-06-29 21:04:48:448 [31merror[39m: [31mError: Not found - /api/api/demo/courses[39m
2025-06-29 21:04:48:448 [31merror[39m: [31mError: Not found - /api/api/demo/jobs[39m
2025-06-29 21:04:48:448 [31merror[39m: [31mError: Not found - /api/api/demo/professors[39m
2025-06-29 21:04:48:448 [31merror[39m: [31mError: Not found - /api/api/demo/paths[39m
2025-06-29 21:04:48:448 [31merror[39m: [31mError: Not found - /api/api/demo/jobs[39m
2025-06-29 21:04:48:448 [31merror[39m: [31mError: Not found - /api/api/demo/courses[39m
2025-06-29 21:04:48:448 [31merror[39m: [31mError: Not found - /api/api/demo/professors[39m
2025-06-29 21:04:48:448 [31merror[39m: [31mError: Not found - /api/api/demo/paths[39m
2025-06-29 21:04:57:457 [31merror[39m: [31mError: Not found - /api/api/demo/courses[39m
2025-06-29 21:04:57:457 [31merror[39m: [31mError: Not found - /api/api/demo/jobs[39m
2025-06-29 21:04:57:457 [31merror[39m: [31mError: Not found - /api/api/demo/professors[39m
2025-06-29 21:04:57:457 [31merror[39m: [31mError: Not found - /api/api/demo/paths[39m
2025-06-29 21:04:57:457 [31merror[39m: [31mError: Not found - /api/api/demo/jobs[39m
2025-06-29 21:04:57:457 [31merror[39m: [31mError: Not found - /api/api/demo/professors[39m
2025-06-29 21:04:57:457 [31merror[39m: [31mError: Not found - /api/api/demo/courses[39m
2025-06-29 21:04:57:457 [31merror[39m: [31mError: Not found - /api/api/demo/paths[39m
2025-06-29 21:05:10:510 [31merror[39m: [31mError: Not found - /api/api/demo/courses[39m
2025-06-29 21:05:10:510 [31merror[39m: [31mError: Not found - /api/api/demo/jobs[39m
2025-06-29 21:05:10:510 [31merror[39m: [31mError: Not found - /api/api/demo/professors[39m
2025-06-29 21:05:10:510 [31merror[39m: [31mError: Not found - /api/api/demo/paths[39m
2025-06-29 21:05:10:510 [31merror[39m: [31mError: Not found - /api/api/demo/courses[39m
2025-06-29 21:05:10:510 [31merror[39m: [31mError: Not found - /api/api/demo/professors[39m
2025-06-29 21:05:10:510 [31merror[39m: [31mError: Not found - /api/api/demo/paths[39m
2025-06-29 21:05:10:510 [31merror[39m: [31mError: Not found - /api/api/demo/jobs[39m
2025-06-29 21:05:46:546 [31merror[39m: [31mError: Not found - /api/api/demo/courses[39m
2025-06-29 21:05:46:546 [31merror[39m: [31mError: Not found - /api/api/demo/jobs[39m
2025-06-29 21:05:46:546 [31merror[39m: [31mError: Not found - /api/api/demo/professors[39m
2025-06-29 21:05:46:546 [31merror[39m: [31mError: Not found - /api/api/demo/paths[39m
2025-06-29 21:05:46:546 [31merror[39m: [31mError: Not found - /api/api/demo/jobs[39m
2025-06-29 21:05:46:546 [31merror[39m: [31mError: Not found - /api/api/demo/courses[39m
2025-06-29 21:05:46:546 [31merror[39m: [31mError: Not found - /api/api/demo/professors[39m
2025-06-29 21:05:46:546 [31merror[39m: [31mError: Not found - /api/api/demo/paths[39m
2025-06-29 21:05:53:553 [31merror[39m: [31mError: Not found - /api/api/demo/courses[39m
2025-06-29 21:05:53:553 [31merror[39m: [31mError: Not found - /api/api/demo/jobs[39m
2025-06-29 21:05:53:553 [31merror[39m: [31mError: Not found - /api/api/demo/professors[39m
2025-06-29 21:05:53:553 [31merror[39m: [31mError: Not found - /api/api/demo/paths[39m
2025-06-29 21:05:53:553 [31merror[39m: [31mError: Not found - /api/api/demo/jobs[39m
2025-06-29 21:05:53:553 [31merror[39m: [31mError: Not found - /api/api/demo/professors[39m
2025-06-29 21:05:53:553 [31merror[39m: [31mError: Not found - /api/api/demo/paths[39m
2025-06-29 21:05:53:553 [31merror[39m: [31mError: Not found - /api/api/demo/courses[39m
2025-06-29 21:06:00:60 [31merror[39m: [31mError: Not found - /api/api/demo/courses[39m
2025-06-29 21:06:00:60 [31merror[39m: [31mError: Not found - /api/api/demo/jobs[39m
2025-06-29 21:06:00:60 [31merror[39m: [31mError: Not found - /api/api/demo/professors[39m
2025-06-29 21:06:00:60 [31merror[39m: [31mError: Not found - /api/api/demo/paths[39m
2025-06-29 21:06:00:60 [31merror[39m: [31mError: Not found - /api/api/demo/courses[39m
2025-06-29 21:06:00:60 [31merror[39m: [31mError: Not found - /api/api/demo/jobs[39m
2025-06-29 21:06:00:60 [31merror[39m: [31mError: Not found - /api/api/demo/professors[39m
2025-06-29 21:06:00:60 [31merror[39m: [31mError: Not found - /api/api/demo/paths[39m
2025-06-29 21:06:08:68 [31merror[39m: [31mError: Not found - /api/api/demo/courses[39m
2025-06-29 21:06:08:68 [31merror[39m: [31mError: Not found - /api/api/demo/jobs[39m
2025-06-29 21:06:08:68 [31merror[39m: [31mError: Not found - /api/api/demo/professors[39m
2025-06-29 21:06:08:68 [31merror[39m: [31mError: Not found - /api/api/demo/paths[39m
2025-06-29 21:06:08:68 [31merror[39m: [31mError: Not found - /api/api/demo/jobs[39m
2025-06-29 21:06:08:68 [31merror[39m: [31mError: Not found - /api/api/demo/professors[39m
2025-06-29 21:06:08:68 [31merror[39m: [31mError: Not found - /api/api/demo/courses[39m
2025-06-29 21:06:08:68 [31merror[39m: [31mError: Not found - /api/api/demo/paths[39m
2025-06-29 21:06:39:639 [31merror[39m: [31mError: Not found - /api/api/demo/courses[39m
2025-06-29 21:06:39:639 [31merror[39m: [31mError: Not found - /api/api/demo/jobs[39m
2025-06-29 21:06:39:639 [31merror[39m: [31mError: Not found - /api/api/demo/professors[39m
2025-06-29 21:06:39:639 [31merror[39m: [31mError: Not found - /api/api/demo/paths[39m
2025-06-29 21:06:39:639 [31merror[39m: [31mError: Not found - /api/api/demo/courses[39m
2025-06-29 21:06:39:639 [31merror[39m: [31mError: Not found - /api/api/demo/jobs[39m
2025-06-29 21:06:39:639 [31merror[39m: [31mError: Not found - /api/api/demo/professors[39m
2025-06-29 21:06:39:639 [31merror[39m: [31mError: Not found - /api/api/demo/paths[39m
2025-06-29 21:06:41:641 [31merror[39m: [31mError: Not found - /api/api/demo/ai/resume-help[39m
2025-06-29 21:06:43:643 [31merror[39m: [31mError: Not found - /api/api/demo/ai/resume-help[39m
